Arguments: 
  /Users/joaquindelbazi/.nvm/versions/node/v18.4.0/bin/node /Users/joaquindelbazi/.nvm/versions/node/v18.4.0/bin/yarn add @bamtech/react-native-component-map-clustering

PATH: 
  /Users/joaquindelbazi/.rbenv/shims:/Users/joaquindelbazi/.rbenv/bin:/Users/joaquindelbazi/.rvm/gems/ruby-2.7.7/bin:/Users/joaquindelbazi/.rvm/gems/ruby-2.7.7@global/bin:/Users/joaquindelbazi/.rvm/rubies/ruby-2.7.7/bin:/Users/joaquindelbazi/.rvm/bin:/Users/joaquindelbazi/.rbenv/shims:/Users/joaquindelbazi/.rbenv/bin:/Users/joaquindelbazi/.nvm/versions/node/v18.4.0/bin:/usr/local/bin:/usr/bin:/bin:/usr/sbin:/sbin:/opt/homebrew/bin/opt/homebrew/bin

Yarn version: 
  1.22.19

Node version: 
  18.4.0

Platform: 
  darwin arm64

Trace: 
  Error: https://registry.yarnpkg.com/@bamtech%2freact-native-component-map-clustering: Not found
      at params.callback [as _callback] (/Users/joaquindelbazi/.nvm/versions/node/v18.4.0/lib/node_modules/yarn/lib/cli.js:66145:18)
      at self.callback (/Users/joaquindelbazi/.nvm/versions/node/v18.4.0/lib/node_modules/yarn/lib/cli.js:140890:22)
      at Request.emit (node:events:537:28)
      at Request.<anonymous> (/Users/joaquindelbazi/.nvm/versions/node/v18.4.0/lib/node_modules/yarn/lib/cli.js:141862:10)
      at Request.emit (node:events:537:28)
      at IncomingMessage.<anonymous> (/Users/joaquindelbazi/.nvm/versions/node/v18.4.0/lib/node_modules/yarn/lib/cli.js:141784:12)
      at Object.onceWrapper (node:events:651:28)
      at IncomingMessage.emit (node:events:549:35)
      at endReadableNT (node:internal/streams/readable:1359:12)
      at process.processTicksAndRejections (node:internal/process/task_queues:82:21)

npm manifest: 
  {
    "name": "notesAppMobile",
    "version": "0.0.1",
    "private": true,
    "scripts": {
      "android": "react-native run-android",
      "ios": "react-native run-ios",
      "lint": "eslint .",
      "start": "react-native start",
      "test": "jest"
    },
    "dependencies": {
      "react": "18.2.0",
      "react-native": "0.71.3"
    },
    "devDependencies": {
      "@babel/core": "^7.20.0",
      "@babel/preset-env": "^7.20.0",
      "@babel/runtime": "^7.20.0",
      "@react-native-community/eslint-config": "^3.2.0",
      "@tsconfig/react-native": "^2.0.2",
      "@types/jest": "^29.2.1",
      "@types/react": "^18.0.24",
      "@types/react-test-renderer": "^18.0.0",
      "babel-jest": "^29.2.1",
      "eslint": "^8.19.0",
      "jest": "^29.2.1",
      "metro-react-native-babel-preset": "0.73.7",
      "prettier": "^2.4.1",
      "react-test-renderer": "18.2.0",
      "typescript": "4.8.4"
    },
    "jest": {
      "preset": "react-native"
    }
  }

yarn manifest: 
  No manifest

Lockfile: 
  No lockfile
